<?xml version="1.0" encoding="UTF-8"?>
<testsuite xmlns:xsi="http://www.w3.org/2001/XMLSchema-instance" xsi:noNamespaceSchemaLocation="https://maven.apache.org/surefire/maven-surefire-plugin/xsd/surefire-test-report-3.0.xsd" version="3.0" name="com.example.SpringSecurityDemoApplicationTests" time="2.892" tests="1" errors="0" skipped="0" failures="0">
  <properties>
[...]
</properties>
  <testcase name="contextLoads" classname="com.example.SpringSecurityDemoApplicationTests" time="0.276">
    <system-out><![CDATA[21:49:43.893 [main] DEBUG org.springframework.test.context.BootstrapUtils - Instantiating CacheAwareContextLoaderDelegate from class [org.springframework.test.context.cache.DefaultCacheAwareContextLoaderDelegate]
21:49:43.904 [main] DEBUG org.springframework.test.context.BootstrapUtils - Instantiating BootstrapContext using constructor [public org.springframework.test.context.support.DefaultBootstrapContext(java.lang.Class,org.springframework.test.context.CacheAwareContextLoaderDelegate)]
21:49:43.947 [main] DEBUG org.springframework.test.context.BootstrapUtils - Instantiating TestContextBootstrapper for test class [com.example.SpringSecurityDemoApplicationTests] from class [org.springframework.boot.test.context.SpringBootTestContextBootstrapper]
21:49:43.961 [main] INFO org.springframework.boot.test.context.SpringBootTestContextBootstrapper - Neither @ContextConfiguration nor @ContextHierarchy found for test class [com.example.SpringSecurityDemoApplicationTests], using SpringBootContextLoader
21:49:43.965 [main] DEBUG org.springframework.test.context.support.AbstractContextLoader - Did not detect default resource location for test class [com.example.SpringSecurityDemoApplicationTests]: class path resource [com/example/SpringSecurityDemoApplicationTests-context.xml] does not exist
21:49:43.966 [main] DEBUG org.springframework.test.context.support.AbstractContextLoader - Did not detect default resource location for test class [com.example.SpringSecurityDemoApplicationTests]: class path resource [com/example/SpringSecurityDemoApplicationTestsContext.groovy] does not exist
21:49:43.966 [main] INFO org.springframework.test.context.support.AbstractContextLoader - Could not detect default resource locations for test class [com.example.SpringSecurityDemoApplicationTests]: no resource found for suffixes {-context.xml, Context.groovy}.
21:49:43.967 [main] INFO org.springframework.test.context.support.AnnotationConfigContextLoaderUtils - Could not detect default configuration classes for test class [com.example.SpringSecurityDemoApplicationTests]: SpringSecurityDemoApplicationTests does not declare any static, non-private, non-final, nested classes annotated with @Configuration.
21:49:44.013 [main] DEBUG org.springframework.test.context.support.ActiveProfilesUtils - Could not find an 'annotation declaring class' for annotation type [org.springframework.test.context.ActiveProfiles] and class [com.example.SpringSecurityDemoApplicationTests]
21:49:44.092 [main] DEBUG org.springframework.context.annotation.ClassPathScanningCandidateComponentProvider - Identified candidate component class: file [C:\Users\ichir\OneDrive\Рабочий стол\Java_Spring\HW_7\spring-security-demo\target\classes\com\example\SpringSecurityDemoApplication.class]
21:49:44.093 [main] INFO org.springframework.boot.test.context.SpringBootTestContextBootstrapper - Found @SpringBootConfiguration com.example.SpringSecurityDemoApplication for test class com.example.SpringSecurityDemoApplicationTests
21:49:44.194 [main] DEBUG org.springframework.boot.test.context.SpringBootTestContextBootstrapper - @TestExecutionListeners is not present for class [com.example.SpringSecurityDemoApplicationTests]: using defaults.
21:49:44.195 [main] INFO org.springframework.boot.test.context.SpringBootTestContextBootstrapper - Loaded default TestExecutionListener class names from location [META-INF/spring.factories]: [org.springframework.boot.test.mock.mockito.MockitoTestExecutionListener, org.springframework.boot.test.mock.mockito.ResetMocksTestExecutionListener, org.springframework.boot.test.autoconfigure.restdocs.RestDocsTestExecutionListener, org.springframework.boot.test.autoconfigure.web.client.MockRestServiceServerResetTestExecutionListener, org.springframework.boot.test.autoconfigure.web.servlet.MockMvcPrintOnlyOnFailureTestExecutionListener, org.springframework.boot.test.autoconfigure.web.servlet.WebDriverTestExecutionListener, org.springframework.boot.test.autoconfigure.webservices.client.MockWebServiceServerTestExecutionListener, org.springframework.test.context.web.ServletTestExecutionListener, org.springframework.test.context.support.DirtiesContextBeforeModesTestExecutionListener, org.springframework.test.context.event.ApplicationEventsTestExecutionListener, org.springframework.test.context.support.DependencyInjectionTestExecutionListener, org.springframework.test.context.support.DirtiesContextTestExecutionListener, org.springframework.test.context.transaction.TransactionalTestExecutionListener, org.springframework.test.context.jdbc.SqlScriptsTestExecutionListener, org.springframework.test.context.event.EventPublishingTestExecutionListener]
21:49:44.206 [main] DEBUG org.springframework.boot.test.context.SpringBootTestContextBootstrapper - Skipping candidate TestExecutionListener [org.springframework.test.context.transaction.TransactionalTestExecutionListener] due to a missing dependency. Specify custom listener classes or make the default listener classes and their required dependencies available. Offending class: [org/springframework/transaction/TransactionDefinition]
21:49:44.207 [main] DEBUG org.springframework.boot.test.context.SpringBootTestContextBootstrapper - Skipping candidate TestExecutionListener [org.springframework.test.context.jdbc.SqlScriptsTestExecutionListener] due to a missing dependency. Specify custom listener classes or make the default listener classes and their required dependencies available. Offending class: [org/springframework/transaction/interceptor/TransactionAttribute]
21:49:44.207 [main] INFO org.springframework.boot.test.context.SpringBootTestContextBootstrapper - Using TestExecutionListeners: [org.springframework.test.context.web.ServletTestExecutionListener@10cf09e8, org.springframework.test.context.support.DirtiesContextBeforeModesTestExecutionListener@1921ad94, org.springframework.test.context.event.ApplicationEventsTestExecutionListener@ee86bcb, org.springframework.boot.test.mock.mockito.MockitoTestExecutionListener@177bea38, org.springframework.boot.test.autoconfigure.SpringBootDependencyInjectionTestExecutionListener@7f132176, org.springframework.test.context.support.DirtiesContextTestExecutionListener@6bca7e0d, org.springframework.test.context.event.EventPublishingTestExecutionListener@2631f68c, org.springframework.boot.test.mock.mockito.ResetMocksTestExecutionListener@6ed3f258, org.springframework.boot.test.autoconfigure.restdocs.RestDocsTestExecutionListener@8ad6665, org.springframework.boot.test.autoconfigure.web.client.MockRestServiceServerResetTestExecutionListener@30af5b6b, org.springframework.boot.test.autoconfigure.web.servlet.MockMvcPrintOnlyOnFailureTestExecutionListener@19835e64, org.springframework.boot.test.autoconfigure.web.servlet.WebDriverTestExecutionListener@68b32e3e, org.springframework.boot.test.autoconfigure.webservices.client.MockWebServiceServerTestExecutionListener@bcef303]
21:49:44.210 [main] DEBUG org.springframework.test.context.support.AbstractDirtiesContextTestExecutionListener - Before test class: context [DefaultTestContext@53fd0d10 testClass = SpringSecurityDemoApplicationTests, testInstance = [null], testMethod = [null], testException = [null], mergedContextConfiguration = [WebMergedContextConfiguration@6c0d9d86 testClass = SpringSecurityDemoApplicationTests, locations = '{}', classes = '{class com.example.SpringSecurityDemoApplication}', contextInitializerClasses = '[]', activeProfiles = '{}', propertySourceLocations = '{}', propertySourceProperties = '{org.springframework.boot.test.context.SpringBootTestContextBootstrapper=true}', contextCustomizers = set[org.springframework.boot.test.context.filter.ExcludeFilterContextCustomizer@6e6f2380, org.springframework.boot.test.json.DuplicateJsonObjectContextCustomizerFactory$DuplicateJsonObjectContextCustomizer@1530c739, org.springframework.boot.test.mock.mockito.MockitoContextCustomizer@0, org.springframework.boot.test.web.client.TestRestTemplateContextCustomizer@7ef82753, org.springframework.boot.test.autoconfigure.actuate.metrics.MetricsExportContextCustomizerFactory$DisableMetricExportContextCustomizer@1cf6d1be, org.springframework.boot.test.autoconfigure.properties.PropertyMappingContextCustomizer@0, org.springframework.boot.test.autoconfigure.web.servlet.WebDriverContextCustomizerFactory$Customizer@72035809, org.springframework.boot.test.context.SpringBootTestArgs@1, org.springframework.boot.test.context.SpringBootTestWebEnvironment@6e2c9341], resourceBasePath = 'src/main/webapp', contextLoader = 'org.springframework.boot.test.context.SpringBootContextLoader', parent = [null]], attributes = map['org.springframework.test.context.web.ServletTestExecutionListener.activateListener' -> true]], class annotated with @DirtiesContext [false] with mode [null].

  .   ____          _            __ _ _
 /\\ / ___'_ __ _ _(_)_ __  __ _ \ \ \ \
( ( )\___ | '_ | '_| | '_ \/ _` | \ \ \ \
 \\/  ___)| |_)| | | | | || (_| |  ) ) ) )
  '  |____| .__|_| |_|_| |_\__, | / / / /
 =========|_|==============|___/=/_/_/_/
 :: Spring Boot ::               (v2.7.14)

2025-04-30 21:49:44.564  INFO 3336 --- [           main] c.e.SpringSecurityDemoApplicationTests   : Starting SpringSecurityDemoApplicationTests using Java 23.0.1 on ForestM with PID 3336 (started by ichir in C:\Users\ichir\OneDrive\Рабочий стол\Java_Spring\HW_7\spring-security-demo)
2025-04-30 21:49:44.565  INFO 3336 --- [           main] c.e.SpringSecurityDemoApplicationTests   : No active profile set, falling back to 1 default profile: "default"
2025-04-30 21:49:45.748  INFO 3336 --- [           main] o.s.s.web.DefaultSecurityFilterChain     : Will secure any request with [org.springframework.security.web.session.DisableEncodeUrlFilter@5e0ec41f, org.springframework.security.web.context.request.async.WebAsyncManagerIntegrationFilter@f4a3a8d, org.springframework.security.web.context.SecurityContextPersistenceFilter@1f9f381d, org.springframework.security.web.header.HeaderWriterFilter@38b8b6c0, org.springframework.security.web.csrf.CsrfFilter@74fab04a, org.springframework.security.web.authentication.logout.LogoutFilter@3e3315d9, org.springframework.security.web.authentication.UsernamePasswordAuthenticationFilter@7132a9dc, org.springframework.security.web.savedrequest.RequestCacheAwareFilter@7c8c70d6, org.springframework.security.web.servletapi.SecurityContextHolderAwareRequestFilter@53311681, org.springframework.security.web.authentication.AnonymousAuthenticationFilter@8d8f754, org.springframework.security.web.session.SessionManagementFilter@1a22e0ef, org.springframework.security.web.access.ExceptionTranslationFilter@524270b8, org.springframework.security.web.access.intercept.FilterSecurityInterceptor@4f5b08d]
2025-04-30 21:49:46.416  INFO 3336 --- [           main] c.e.SpringSecurityDemoApplicationTests   : Started SpringSecurityDemoApplicationTests in 2.159 seconds (JVM running for 3.236)
]]></system-out>
  </testcase>
</testsuite>